{"/Users/uccs/Desktop/project/webpack/builder-webpack/lib/webpack.base.js":{"path":"/Users/uccs/Desktop/project/webpack/builder-webpack/lib/webpack.base.js","s":{"1":1,"2":1,"3":1,"4":1,"5":1,"6":1,"7":1,"8":1,"9":1,"10":1,"11":1,"12":1,"13":1,"14":1,"15":1,"16":1,"17":1,"18":1,"19":1,"20":1,"21":1,"22":1,"23":0,"24":0,"25":0,"26":0,"27":0},"b":{"1":[1,1],"2":[0,0],"3":[0,0,0]},"f":{"1":0},"fnMap":{"1":{"name":"errorPlugin","line":59,"loc":{"start":{"line":59,"column":4},"end":{"line":59,"column":27}}}},"statementMap":{"1":{"start":{"line":1,"column":0},"end":{"line":1,"column":29}},"2":{"start":{"line":2,"column":0},"end":{"line":2,"column":29}},"3":{"start":{"line":3,"column":0},"end":{"line":3,"column":57}},"4":{"start":{"line":4,"column":0},"end":{"line":4,"column":63}},"5":{"start":{"line":5,"column":0},"end":{"line":5,"column":78}},"6":{"start":{"line":6,"column":0},"end":{"line":6,"column":64}},"7":{"start":{"line":7,"column":0},"end":{"line":7,"column":45}},"8":{"start":{"line":9,"column":0},"end":{"line":9,"column":34}},"9":{"start":{"line":10,"column":0},"end":{"line":10,"column":25}},"10":{"start":{"line":11,"column":0},"end":{"line":42,"column":2}},"11":{"start":{"line":12,"column":2},"end":{"line":12,"column":19}},"12":{"start":{"line":13,"column":2},"end":{"line":13,"column":31}},"13":{"start":{"line":14,"column":2},"end":{"line":14,"column":75}},"14":{"start":{"line":15,"column":2},"end":{"line":35,"column":5}},"15":{"start":{"line":16,"column":4},"end":{"line":16,"column":60}},"16":{"start":{"line":17,"column":4},"end":{"line":17,"column":39}},"17":{"start":{"line":18,"column":4},"end":{"line":18,"column":32}},"18":{"start":{"line":19,"column":4},"end":{"line":34,"column":6}},"19":{"start":{"line":37,"column":2},"end":{"line":37,"column":21}},"20":{"start":{"line":38,"column":2},"end":{"line":41,"column":4}},"21":{"start":{"line":44,"column":0},"end":{"line":44,"column":46}},"22":{"start":{"line":46,"column":0},"end":{"line":137,"column":2}},"23":{"start":{"line":60,"column":6},"end":{"line":69,"column":9}},"24":{"start":{"line":61,"column":8},"end":{"line":68,"column":9}},"25":{"start":{"line":66,"column":10},"end":{"line":66,"column":37}},"26":{"start":{"line":67,"column":10},"end":{"line":67,"column":26}},"27":{"start":{"line":97,"column":29},"end":{"line":101,"column":15}}},"branchMap":{"1":{"line":17,"type":"binary-expr","locations":[{"start":{"line":17,"column":21},"end":{"line":17,"column":26}},{"start":{"line":17,"column":30},"end":{"line":17,"column":38}}]},"2":{"line":61,"type":"if","locations":[{"start":{"line":61,"column":8},"end":{"line":61,"column":8}},{"start":{"line":61,"column":8},"end":{"line":61,"column":8}}]},"3":{"line":62,"type":"binary-expr","locations":[{"start":{"line":62,"column":10},"end":{"line":62,"column":34}},{"start":{"line":63,"column":10},"end":{"line":63,"column":41}},{"start":{"line":64,"column":10},"end":{"line":64,"column":48}}]}}}}